2018/05/15 10:53:44 [I]                                                                                                ！！当前运行模式为：[ 单机 ] 模式！！
2018/05/15 10:54:29 [E] Kafka:kafka: client has run out of available brokers to talk to (Is your cluster reachable?)

2018/05/15 10:54:29 [I]  *     在线代理IP列表为空，无法使用代理IP

2018/05/15 10:54:29 [I]  *     执行任务总数(任务数[*自定义配置数])为 1 个

2018/05/15 10:54:29 [I]  *     采集引擎池容量为 1

2018/05/15 10:54:29 [I]  *     并发协程最多 20 个

2018/05/15 10:54:29 [I]  *     默认随机停顿 150~600 毫秒

2018/05/15 10:54:29 [P]  *                                                                                                 —— 开始抓取，请耐心等候 ——
2018/05/15 10:54:29 [I]  *********************************************************************************************************************************** 
2018/05/15 10:54:29 [D]  *     Start: https://www.zhihu_bianji.com/explore#daily-hot
2018/05/15 10:54:30 [D]  *     Start: https://www.zhihu_bianji.com/node/ExploreAnswerListV2?params={"offset":5,"type":"day"}
2018/05/15 10:54:30 [D]  *     Start: https://www.zhihu_bianji.com/node/ExploreAnswerListV2?params={"offset":10,"type":"day"}
2018/05/15 10:54:31 [D]  *     Start: https://www.zhihu_bianji.com/node/ExploreAnswerListV2?params={"offset":15,"type":"day"}
2018/05/15 10:54:31 [D]  *     Start: https://www.zhihu_bianji.com/node/ExploreAnswerListV2?params={"offset":20,"type":"day"}
2018/05/15 10:54:32 [D]  *     Start: https://www.zhihu_bianji.com/node/ExploreAnswerListV2?params={"offset":25,"type":"day"}
2018/05/15 10:54:32 [D]  *     Start: https://www.zhihu_bianji.com/node/ExploreAnswerListV2?params={"offset":30,"type":"day"}
2018/05/15 10:54:32 [D]  *     Start: https://www.zhihu_bianji.com/node/ExploreAnswerListV2?params={"offset":35,"type":"day"}
2018/05/15 10:54:33 [D]  *     Start: https://www.zhihu_bianji.com/node/ExploreAnswerListV2?params={"offset":40,"type":"day"}
2018/05/15 10:54:33 [D]  *     Start: https://www.zhihu_bianji.com/node/ExploreAnswerListV2?params={"offset":45,"type":"day"}
2018/05/15 10:54:33 [D]  *     Start: https://www.zhihu_bianji.com/node/ExploreAnswerListV2?params={"offset":50,"type":"day"}
2018/05/15 10:54:33 [D]  *     Start: https://www.zhihu_bianji.com/node/ExploreAnswerListV2?params={"offset":55,"type":"day"}
2018/05/15 10:54:34 [D]  *     Start: https://www.zhihu_bianji.com/node/ExploreAnswerListV2?params={"offset":60,"type":"day"}
2018/05/15 10:54:34 [D]  *     Start: https://www.zhihu_bianji.com/node/ExploreAnswerListV2?params={"offset":65,"type":"day"}
2018/05/15 10:54:35 [D]  *     Start: https://www.zhihu_bianji.com/node/ExploreAnswerListV2?params={"offset":70,"type":"day"}
2018/05/15 10:54:35 [D]  *     Start: https://www.zhihu_bianji.com/node/ExploreAnswerListV2?params={"offset":75,"type":"day"}
2018/05/15 10:54:35 [D]  *     Start: https://www.zhihu_bianji.com/node/ExploreAnswerListV2?params={"offset":80,"type":"day"}
2018/05/15 10:54:35 [D]  *     Start: https://www.zhihu_bianji.com/node/ExploreAnswerListV2?params={"offset":85,"type":"day"}
2018/05/15 10:54:35 [I]  *     + 失败请求: [https://www.zhihu_bianji.com/explore#daily-hot]

2018/05/15 10:54:35 [E]  *     Fail  [download][https://www.zhihu_bianji.com/explore#daily-hot]: Get https://www.zhihu_bianji.com/explore#daily-hot: dial tcp: lookup www.zhihu_bianji.com: no such host

2018/05/15 10:54:36 [D]  *     Start: https://www.zhihu_bianji.com/node/ExploreAnswerListV2?params={"offset":90,"type":"day"}
2018/05/15 10:54:36 [I]  *     + 失败请求: [https://www.zhihu_bianji.com/node/ExploreAnswerListV2?params={"offset":5,"type":"day"}]

2018/05/15 10:54:36 [E]  *     Fail  [download][https://www.zhihu_bianji.com/node/ExploreAnswerListV2?params={"offset":5,"type":"day"}]: Get https://www.zhihu_bianji.com/node/ExploreAnswerListV2?params=%7B%22offset%22%3A5%2C%22type%22%3A%22day%22%7D: dial tcp: lookup www.zhihu_bianji.com: no such host

2018/05/15 10:54:36 [D]  *     Start: https://www.zhihu_bianji.com/node/ExploreAnswerListV2?params={"offset":95,"type":"day"}
2018/05/15 10:54:36 [I]  *     + 失败请求: [https://www.zhihu_bianji.com/node/ExploreAnswerListV2?params={"offset":10,"type":"day"}]

2018/05/15 10:54:36 [E]  *     Fail  [download][https://www.zhihu_bianji.com/node/ExploreAnswerListV2?params={"offset":10,"type":"day"}]: Get https://www.zhihu_bianji.com/node/ExploreAnswerListV2?params=%7B%22offset%22%3A10%2C%22type%22%3A%22day%22%7D: dial tcp: lookup www.zhihu_bianji.com: no such host

2018/05/15 10:54:36 [D]  *     Start: https://www.zhihu_bianji.com/node/ExploreAnswerListV2?params={"offset":100,"type":"day"}
2018/05/15 10:54:37 [D]  *     Start: https://www.zhihu_bianji.com/node/ExploreAnswerListV2?params={"offset":105,"type":"day"}
2018/05/15 10:54:37 [I]  *     + 失败请求: [https://www.zhihu_bianji.com/node/ExploreAnswerListV2?params={"offset":15,"type":"day"}]

2018/05/15 10:54:37 [E]  *     Fail  [download][https://www.zhihu_bianji.com/node/ExploreAnswerListV2?params={"offset":15,"type":"day"}]: Get https://www.zhihu_bianji.com/node/ExploreAnswerListV2?params=%7B%22offset%22%3A15%2C%22type%22%3A%22day%22%7D: dial tcp: lookup www.zhihu_bianji.com: no such host

2018/05/15 10:54:37 [D]  *     Start: https://www.zhihu_bianji.com/node/ExploreAnswerListV2?params={"offset":110,"type":"day"}
2018/05/15 10:54:37 [I]  *     + 失败请求: [https://www.zhihu_bianji.com/node/ExploreAnswerListV2?params={"offset":20,"type":"day"}]

2018/05/15 10:54:37 [E]  *     Fail  [download][https://www.zhihu_bianji.com/node/ExploreAnswerListV2?params={"offset":20,"type":"day"}]: Get https://www.zhihu_bianji.com/node/ExploreAnswerListV2?params=%7B%22offset%22%3A20%2C%22type%22%3A%22day%22%7D: dial tcp: lookup www.zhihu_bianji.com: no such host

2018/05/15 10:54:37 [D]  *     Start: https://www.zhihu_bianji.com/node/ExploreAnswerListV2?params={"offset":115,"type":"day"}
2018/05/15 10:54:38 [I]  *     + 失败请求: [https://www.zhihu_bianji.com/node/ExploreAnswerListV2?params={"offset":25,"type":"day"}]

2018/05/15 10:54:38 [E]  *     Fail  [download][https://www.zhihu_bianji.com/node/ExploreAnswerListV2?params={"offset":25,"type":"day"}]: Get https://www.zhihu_bianji.com/node/ExploreAnswerListV2?params=%7B%22offset%22%3A25%2C%22type%22%3A%22day%22%7D: dial tcp: lookup www.zhihu_bianji.com: no such host

2018/05/15 10:54:38 [D]  *     Start: https://www.zhihu_bianji.com/node/ExploreAnswerListV2?params={"offset":120,"type":"day"}
2018/05/15 10:54:38 [I]  *     + 失败请求: [https://www.zhihu_bianji.com/node/ExploreAnswerListV2?params={"offset":30,"type":"day"}]

2018/05/15 10:54:38 [E]  *     Fail  [download][https://www.zhihu_bianji.com/node/ExploreAnswerListV2?params={"offset":30,"type":"day"}]: Get https://www.zhihu_bianji.com/node/ExploreAnswerListV2?params=%7B%22offset%22%3A30%2C%22type%22%3A%22day%22%7D: dial tcp: lookup www.zhihu_bianji.com: no such host

2018/05/15 10:54:38 [D]  *     Start: https://www.zhihu_bianji.com/node/ExploreAnswerListV2?params={"offset":125,"type":"day"}
2018/05/15 10:54:38 [D]  *     Start: https://www.zhihu_bianji.com/node/ExploreAnswerListV2?params={"offset":130,"type":"day"}
2018/05/15 10:54:38 [I]  *     + 失败请求: [https://www.zhihu_bianji.com/node/ExploreAnswerListV2?params={"offset":35,"type":"day"}]

2018/05/15 10:54:38 [E]  *     Fail  [download][https://www.zhihu_bianji.com/node/ExploreAnswerListV2?params={"offset":35,"type":"day"}]: Get https://www.zhihu_bianji.com/node/ExploreAnswerListV2?params=%7B%22offset%22%3A35%2C%22type%22%3A%22day%22%7D: dial tcp: lookup www.zhihu_bianji.com: no such host

2018/05/15 10:54:39 [I]  *     + 失败请求: [https://www.zhihu_bianji.com/node/ExploreAnswerListV2?params={"offset":40,"type":"day"}]

2018/05/15 10:54:39 [E]  *     Fail  [download][https://www.zhihu_bianji.com/node/ExploreAnswerListV2?params={"offset":40,"type":"day"}]: Get https://www.zhihu_bianji.com/node/ExploreAnswerListV2?params=%7B%22offset%22%3A40%2C%22type%22%3A%22day%22%7D: dial tcp: lookup www.zhihu_bianji.com: no such host

2018/05/15 10:54:39 [D]  *     Start: https://www.zhihu_bianji.com/node/ExploreAnswerListV2?params={"offset":135,"type":"day"}
2018/05/15 10:54:39 [I]  *     + 失败请求: [https://www.zhihu_bianji.com/node/ExploreAnswerListV2?params={"offset":45,"type":"day"}]

2018/05/15 10:54:39 [E]  *     Fail  [download][https://www.zhihu_bianji.com/node/ExploreAnswerListV2?params={"offset":45,"type":"day"}]: Get https://www.zhihu_bianji.com/node/ExploreAnswerListV2?params=%7B%22offset%22%3A45%2C%22type%22%3A%22day%22%7D: dial tcp: lookup www.zhihu_bianji.com: no such host

2018/05/15 10:54:39 [I]  *     + 失败请求: [https://www.zhihu_bianji.com/node/ExploreAnswerListV2?params={"offset":50,"type":"day"}]

2018/05/15 10:54:39 [E]  *     Fail  [download][https://www.zhihu_bianji.com/node/ExploreAnswerListV2?params={"offset":50,"type":"day"}]: Get https://www.zhihu_bianji.com/node/ExploreAnswerListV2?params=%7B%22offset%22%3A50%2C%22type%22%3A%22day%22%7D: dial tcp: lookup www.zhihu_bianji.com: no such host

2018/05/15 10:54:39 [D]  *     Start: https://www.zhihu_bianji.com/node/ExploreAnswerListV2?params={"offset":140,"type":"day"}
2018/05/15 10:54:39 [D]  *     Start: https://www.zhihu_bianji.com/node/ExploreAnswerListV2?params={"offset":145,"type":"day"}
2018/05/15 10:54:40 [I]  *     + 失败请求: [https://www.zhihu_bianji.com/node/ExploreAnswerListV2?params={"offset":55,"type":"day"}]

2018/05/15 10:54:40 [E]  *     Fail  [download][https://www.zhihu_bianji.com/node/ExploreAnswerListV2?params={"offset":55,"type":"day"}]: Get https://www.zhihu_bianji.com/node/ExploreAnswerListV2?params=%7B%22offset%22%3A55%2C%22type%22%3A%22day%22%7D: dial tcp: lookup www.zhihu_bianji.com: no such host

2018/05/15 10:54:40 [D]  *     Start: https://www.zhihu_bianji.com/node/ExploreAnswerListV2?params={"offset":150,"type":"day"}
2018/05/15 10:54:40 [I]  *     + 失败请求: [https://www.zhihu_bianji.com/node/ExploreAnswerListV2?params={"offset":60,"type":"day"}]

2018/05/15 10:54:40 [E]  *     Fail  [download][https://www.zhihu_bianji.com/node/ExploreAnswerListV2?params={"offset":60,"type":"day"}]: Get https://www.zhihu_bianji.com/node/ExploreAnswerListV2?params=%7B%22offset%22%3A60%2C%22type%22%3A%22day%22%7D: dial tcp: lookup www.zhihu_bianji.com: no such host

2018/05/15 10:54:40 [I]  *     + 失败请求: [https://www.zhihu_bianji.com/node/ExploreAnswerListV2?params={"offset":65,"type":"day"}]

2018/05/15 10:54:40 [E]  *     Fail  [download][https://www.zhihu_bianji.com/node/ExploreAnswerListV2?params={"offset":65,"type":"day"}]: Get https://www.zhihu_bianji.com/node/ExploreAnswerListV2?params=%7B%22offset%22%3A65%2C%22type%22%3A%22day%22%7D: dial tcp: lookup www.zhihu_bianji.com: no such host

2018/05/15 10:54:41 [D]  *     Start: https://www.zhihu_bianji.com/node/ExploreAnswerListV2?params={"offset":155,"type":"day"}
2018/05/15 10:54:41 [I]  *     + 失败请求: [https://www.zhihu_bianji.com/node/ExploreAnswerListV2?params={"offset":70,"type":"day"}]

2018/05/15 10:54:41 [E]  *     Fail  [download][https://www.zhihu_bianji.com/node/ExploreAnswerListV2?params={"offset":70,"type":"day"}]: Get https://www.zhihu_bianji.com/node/ExploreAnswerListV2?params=%7B%22offset%22%3A70%2C%22type%22%3A%22day%22%7D: dial tcp: lookup www.zhihu_bianji.com: no such host

2018/05/15 10:54:41 [D]  *     Start: https://www.zhihu_bianji.com/node/ExploreAnswerListV2?params={"offset":160,"type":"day"}
2018/05/15 10:54:41 [I]  *     + 失败请求: [https://www.zhihu_bianji.com/node/ExploreAnswerListV2?params={"offset":75,"type":"day"}]

2018/05/15 10:54:41 [E]  *     Fail  [download][https://www.zhihu_bianji.com/node/ExploreAnswerListV2?params={"offset":75,"type":"day"}]: Get https://www.zhihu_bianji.com/node/ExploreAnswerListV2?params=%7B%22offset%22%3A75%2C%22type%22%3A%22day%22%7D: dial tcp: lookup www.zhihu_bianji.com: no such host

2018/05/15 10:54:41 [I]  *     + 失败请求: [https://www.zhihu_bianji.com/node/ExploreAnswerListV2?params={"offset":80,"type":"day"}]

2018/05/15 10:54:41 [E]  *     Fail  [download][https://www.zhihu_bianji.com/node/ExploreAnswerListV2?params={"offset":80,"type":"day"}]: Get https://www.zhihu_bianji.com/node/ExploreAnswerListV2?params=%7B%22offset%22%3A80%2C%22type%22%3A%22day%22%7D: dial tcp: lookup www.zhihu_bianji.com: no such host

2018/05/15 10:54:41 [D]  *     Start: https://www.zhihu_bianji.com/node/ExploreAnswerListV2?params={"offset":165,"type":"day"}
2018/05/15 10:54:41 [I]  *     + 失败请求: [https://www.zhihu_bianji.com/node/ExploreAnswerListV2?params={"offset":85,"type":"day"}]

2018/05/15 10:54:41 [E]  *     Fail  [download][https://www.zhihu_bianji.com/node/ExploreAnswerListV2?params={"offset":85,"type":"day"}]: Get https://www.zhihu_bianji.com/node/ExploreAnswerListV2?params=%7B%22offset%22%3A85%2C%22type%22%3A%22day%22%7D: dial tcp: lookup www.zhihu_bianji.com: no such host

2018/05/15 10:54:42 [I]  *     + 失败请求: [https://www.zhihu_bianji.com/node/ExploreAnswerListV2?params={"offset":90,"type":"day"}]

2018/05/15 10:54:42 [E]  *     Fail  [download][https://www.zhihu_bianji.com/node/ExploreAnswerListV2?params={"offset":90,"type":"day"}]: Get https://www.zhihu_bianji.com/node/ExploreAnswerListV2?params=%7B%22offset%22%3A90%2C%22type%22%3A%22day%22%7D: dial tcp: lookup www.zhihu_bianji.com: no such host

2018/05/15 10:54:42 [D]  *     Start: https://www.zhihu_bianji.com/node/ExploreAnswerListV2?params={"offset":170,"type":"day"}
2018/05/15 10:54:42 [I]  *     + 失败请求: [https://www.zhihu_bianji.com/node/ExploreAnswerListV2?params={"offset":95,"type":"day"}]

2018/05/15 10:54:42 [E]  *     Fail  [download][https://www.zhihu_bianji.com/node/ExploreAnswerListV2?params={"offset":95,"type":"day"}]: Get https://www.zhihu_bianji.com/node/ExploreAnswerListV2?params=%7B%22offset%22%3A95%2C%22type%22%3A%22day%22%7D: dial tcp: lookup www.zhihu_bianji.com: no such host

2018/05/15 10:54:42 [D]  *     Start: https://www.zhihu_bianji.com/node/ExploreAnswerListV2?params={"offset":175,"type":"day"}
2018/05/15 10:54:42 [I]  *     + 失败请求: [https://www.zhihu_bianji.com/node/ExploreAnswerListV2?params={"offset":100,"type":"day"}]

2018/05/15 10:54:42 [E]  *     Fail  [download][https://www.zhihu_bianji.com/node/ExploreAnswerListV2?params={"offset":100,"type":"day"}]: Get https://www.zhihu_bianji.com/node/ExploreAnswerListV2?params=%7B%22offset%22%3A100%2C%22type%22%3A%22day%22%7D: dial tcp: lookup www.zhihu_bianji.com: no such host

2018/05/15 10:54:43 [I]  *     + 失败请求: [https://www.zhihu_bianji.com/node/ExploreAnswerListV2?params={"offset":105,"type":"day"}]

2018/05/15 10:54:43 [E]  *     Fail  [download][https://www.zhihu_bianji.com/node/ExploreAnswerListV2?params={"offset":105,"type":"day"}]: Get https://www.zhihu_bianji.com/node/ExploreAnswerListV2?params=%7B%22offset%22%3A105%2C%22type%22%3A%22day%22%7D: dial tcp: lookup www.zhihu_bianji.com: no such host

2018/05/15 10:54:43 [D]  *     Start: https://www.zhihu_bianji.com/node/ExploreAnswerListV2?params={"offset":180,"type":"day"}
2018/05/15 10:54:43 [I]  *     + 失败请求: [https://www.zhihu_bianji.com/node/ExploreAnswerListV2?params={"offset":110,"type":"day"}]

2018/05/15 10:54:43 [E]  *     Fail  [download][https://www.zhihu_bianji.com/node/ExploreAnswerListV2?params={"offset":110,"type":"day"}]: Get https://www.zhihu_bianji.com/node/ExploreAnswerListV2?params=%7B%22offset%22%3A110%2C%22type%22%3A%22day%22%7D: dial tcp: lookup www.zhihu_bianji.com: no such host

2018/05/15 10:54:43 [D]  *     Start: https://www.zhihu_bianji.com/node/ExploreAnswerListV2?params={"offset":185,"type":"day"}
2018/05/15 10:54:43 [I]  *     + 失败请求: [https://www.zhihu_bianji.com/node/ExploreAnswerListV2?params={"offset":115,"type":"day"}]

2018/05/15 10:54:43 [E]  *     Fail  [download][https://www.zhihu_bianji.com/node/ExploreAnswerListV2?params={"offset":115,"type":"day"}]: Get https://www.zhihu_bianji.com/node/ExploreAnswerListV2?params=%7B%22offset%22%3A115%2C%22type%22%3A%22day%22%7D: dial tcp: lookup www.zhihu_bianji.com: no such host

2018/05/15 10:54:44 [D]  *     Start: https://www.zhihu_bianji.com/node/ExploreAnswerListV2?params={"offset":190,"type":"day"}
2018/05/15 10:54:44 [I]  *     + 失败请求: [https://www.zhihu_bianji.com/node/ExploreAnswerListV2?params={"offset":120,"type":"day"}]

2018/05/15 10:54:44 [E]  *     Fail  [download][https://www.zhihu_bianji.com/node/ExploreAnswerListV2?params={"offset":120,"type":"day"}]: Get https://www.zhihu_bianji.com/node/ExploreAnswerListV2?params=%7B%22offset%22%3A120%2C%22type%22%3A%22day%22%7D: dial tcp: lookup www.zhihu_bianji.com: no such host

2018/05/15 10:54:44 [D]  *     Start: https://www.zhihu_bianji.com/node/ExploreAnswerListV2?params={"offset":195,"type":"day"}
2018/05/15 10:54:44 [I]  *     + 失败请求: [https://www.zhihu_bianji.com/node/ExploreAnswerListV2?params={"offset":125,"type":"day"}]

2018/05/15 10:54:44 [E]  *     Fail  [download][https://www.zhihu_bianji.com/node/ExploreAnswerListV2?params={"offset":125,"type":"day"}]: Get https://www.zhihu_bianji.com/node/ExploreAnswerListV2?params=%7B%22offset%22%3A125%2C%22type%22%3A%22day%22%7D: dial tcp: lookup www.zhihu_bianji.com: no such host

2018/05/15 10:54:44 [I]  *     + 失败请求: [https://www.zhihu_bianji.com/node/ExploreAnswerListV2?params={"offset":130,"type":"day"}]

2018/05/15 10:54:44 [E]  *     Fail  [download][https://www.zhihu_bianji.com/node/ExploreAnswerListV2?params={"offset":130,"type":"day"}]: Get https://www.zhihu_bianji.com/node/ExploreAnswerListV2?params=%7B%22offset%22%3A130%2C%22type%22%3A%22day%22%7D: dial tcp: lookup www.zhihu_bianji.com: no such host

2018/05/15 10:54:44 [D]  *     Start: https://www.zhihu_bianji.com/node/ExploreAnswerListV2?params={"offset":200,"type":"day"}
2018/05/15 10:54:45 [I]  *     + 失败请求: [https://www.zhihu_bianji.com/node/ExploreAnswerListV2?params={"offset":135,"type":"day"}]

2018/05/15 10:54:45 [E]  *     Fail  [download][https://www.zhihu_bianji.com/node/ExploreAnswerListV2?params={"offset":135,"type":"day"}]: Get https://www.zhihu_bianji.com/node/ExploreAnswerListV2?params=%7B%22offset%22%3A135%2C%22type%22%3A%22day%22%7D: dial tcp: lookup www.zhihu_bianji.com: no such host

2018/05/15 10:54:45 [D]  *     Start: https://www.zhihu_bianji.com/node/ExploreAnswerListV2?params={"offset":205,"type":"day"}
2018/05/15 10:54:45 [I]  *     + 失败请求: [https://www.zhihu_bianji.com/node/ExploreAnswerListV2?params={"offset":140,"type":"day"}]

2018/05/15 10:54:45 [E]  *     Fail  [download][https://www.zhihu_bianji.com/node/ExploreAnswerListV2?params={"offset":140,"type":"day"}]: Get https://www.zhihu_bianji.com/node/ExploreAnswerListV2?params=%7B%22offset%22%3A140%2C%22type%22%3A%22day%22%7D: dial tcp: lookup www.zhihu_bianji.com: no such host

2018/05/15 10:54:45 [D]  *     Start: https://www.zhihu_bianji.com/node/ExploreAnswerListV2?params={"offset":210,"type":"day"}
2018/05/15 10:54:45 [I]  *     + 失败请求: [https://www.zhihu_bianji.com/node/ExploreAnswerListV2?params={"offset":145,"type":"day"}]

2018/05/15 10:54:45 [E]  *     Fail  [download][https://www.zhihu_bianji.com/node/ExploreAnswerListV2?params={"offset":145,"type":"day"}]: Get https://www.zhihu_bianji.com/node/ExploreAnswerListV2?params=%7B%22offset%22%3A145%2C%22type%22%3A%22day%22%7D: dial tcp: lookup www.zhihu_bianji.com: no such host

2018/05/15 10:54:46 [D]  *     Start: https://www.zhihu_bianji.com/node/ExploreAnswerListV2?params={"offset":215,"type":"day"}
2018/05/15 10:54:46 [I]  *     + 失败请求: [https://www.zhihu_bianji.com/node/ExploreAnswerListV2?params={"offset":150,"type":"day"}]

2018/05/15 10:54:46 [E]  *     Fail  [download][https://www.zhihu_bianji.com/node/ExploreAnswerListV2?params={"offset":150,"type":"day"}]: Get https://www.zhihu_bianji.com/node/ExploreAnswerListV2?params=%7B%22offset%22%3A150%2C%22type%22%3A%22day%22%7D: dial tcp: lookup www.zhihu_bianji.com: no such host

2018/05/15 10:54:46 [D]  *     Start: https://www.zhihu_bianji.com/node/ExploreAnswerListV2?params={"offset":220,"type":"day"}
2018/05/15 10:54:47 [I]  *     + 失败请求: [https://www.zhihu_bianji.com/node/ExploreAnswerListV2?params={"offset":155,"type":"day"}]

2018/05/15 10:54:47 [E]  *     Fail  [download][https://www.zhihu_bianji.com/node/ExploreAnswerListV2?params={"offset":155,"type":"day"}]: Get https://www.zhihu_bianji.com/node/ExploreAnswerListV2?params=%7B%22offset%22%3A155%2C%22type%22%3A%22day%22%7D: dial tcp: lookup www.zhihu_bianji.com: no such host

2018/05/15 10:54:47 [D]  *     Start: https://www.zhihu_bianji.com/node/ExploreAnswerListV2?params={"offset":225,"type":"day"}
2018/05/15 10:54:47 [I]  *     + 失败请求: [https://www.zhihu_bianji.com/node/ExploreAnswerListV2?params={"offset":160,"type":"day"}]

2018/05/15 10:54:47 [E]  *     Fail  [download][https://www.zhihu_bianji.com/node/ExploreAnswerListV2?params={"offset":160,"type":"day"}]: Get https://www.zhihu_bianji.com/node/ExploreAnswerListV2?params=%7B%22offset%22%3A160%2C%22type%22%3A%22day%22%7D: dial tcp: lookup www.zhihu_bianji.com: no such host

2018/05/15 10:54:47 [D]  *     Start: https://www.zhihu_bianji.com/node/ExploreAnswerListV2?params={"offset":230,"type":"day"}
2018/05/15 10:54:47 [D]  *     Start: https://www.zhihu_bianji.com/node/ExploreAnswerListV2?params={"offset":235,"type":"day"}
2018/05/15 10:54:47 [I]  *     + 失败请求: [https://www.zhihu_bianji.com/node/ExploreAnswerListV2?params={"offset":165,"type":"day"}]

2018/05/15 10:54:47 [E]  *     Fail  [download][https://www.zhihu_bianji.com/node/ExploreAnswerListV2?params={"offset":165,"type":"day"}]: Get https://www.zhihu_bianji.com/node/ExploreAnswerListV2?params=%7B%22offset%22%3A165%2C%22type%22%3A%22day%22%7D: dial tcp: lookup www.zhihu_bianji.com: no such host

2018/05/15 10:54:48 [I]  *     + 失败请求: [https://www.zhihu_bianji.com/node/ExploreAnswerListV2?params={"offset":170,"type":"day"}]

2018/05/15 10:54:48 [E]  *     Fail  [download][https://www.zhihu_bianji.com/node/ExploreAnswerListV2?params={"offset":170,"type":"day"}]: Get https://www.zhihu_bianji.com/node/ExploreAnswerListV2?params=%7B%22offset%22%3A170%2C%22type%22%3A%22day%22%7D: dial tcp: lookup www.zhihu_bianji.com: no such host

2018/05/15 10:54:48 [D]  *     Start: https://www.zhihu_bianji.com/node/ExploreAnswerListV2?params={"offset":240,"type":"day"}
2018/05/15 10:54:48 [I]  *     + 失败请求: [https://www.zhihu_bianji.com/node/ExploreAnswerListV2?params={"offset":175,"type":"day"}]

2018/05/15 10:54:48 [E]  *     Fail  [download][https://www.zhihu_bianji.com/node/ExploreAnswerListV2?params={"offset":175,"type":"day"}]: Get https://www.zhihu_bianji.com/node/ExploreAnswerListV2?params=%7B%22offset%22%3A175%2C%22type%22%3A%22day%22%7D: dial tcp: lookup www.zhihu_bianji.com: no such host

2018/05/15 10:54:48 [D]  *     Start: https://www.zhihu_bianji.com/node/ExploreAnswerListV2?params={"offset":245,"type":"day"}
2018/05/15 10:54:49 [D]  *     Start: https://www.zhihu_bianji.com/node/ExploreAnswerListV2?params={"offset":250,"type":"day"}
2018/05/15 10:54:49 [I]  *     + 失败请求: [https://www.zhihu_bianji.com/node/ExploreAnswerListV2?params={"offset":180,"type":"day"}]

2018/05/15 10:54:49 [E]  *     Fail  [download][https://www.zhihu_bianji.com/node/ExploreAnswerListV2?params={"offset":180,"type":"day"}]: Get https://www.zhihu_bianji.com/node/ExploreAnswerListV2?params=%7B%22offset%22%3A180%2C%22type%22%3A%22day%22%7D: dial tcp: lookup www.zhihu_bianji.com: no such host

2018/05/15 10:54:49 [D]  *     Start: https://www.zhihu_bianji.com/node/ExploreAnswerListV2?params={"offset":255,"type":"day"}
2018/05/15 10:54:49 [I]  *     + 失败请求: [https://www.zhihu_bianji.com/node/ExploreAnswerListV2?params={"offset":185,"type":"day"}]

2018/05/15 10:54:49 [E]  *     Fail  [download][https://www.zhihu_bianji.com/node/ExploreAnswerListV2?params={"offset":185,"type":"day"}]: Get https://www.zhihu_bianji.com/node/ExploreAnswerListV2?params=%7B%22offset%22%3A185%2C%22type%22%3A%22day%22%7D: dial tcp: lookup www.zhihu_bianji.com: no such host

2018/05/15 10:54:50 [D]  *     Start: https://www.zhihu_bianji.com/node/ExploreAnswerListV2?params={"offset":260,"type":"day"}
2018/05/15 10:54:50 [I]  *     + 失败请求: [https://www.zhihu_bianji.com/node/ExploreAnswerListV2?params={"offset":190,"type":"day"}]

2018/05/15 10:54:50 [E]  *     Fail  [download][https://www.zhihu_bianji.com/node/ExploreAnswerListV2?params={"offset":190,"type":"day"}]: Get https://www.zhihu_bianji.com/node/ExploreAnswerListV2?params=%7B%22offset%22%3A190%2C%22type%22%3A%22day%22%7D: dial tcp: lookup www.zhihu_bianji.com: no such host

2018/05/15 10:54:50 [I]  *     + 失败请求: [https://www.zhihu_bianji.com/node/ExploreAnswerListV2?params={"offset":195,"type":"day"}]

2018/05/15 10:54:50 [E]  *     Fail  [download][https://www.zhihu_bianji.com/node/ExploreAnswerListV2?params={"offset":195,"type":"day"}]: Get https://www.zhihu_bianji.com/node/ExploreAnswerListV2?params=%7B%22offset%22%3A195%2C%22type%22%3A%22day%22%7D: dial tcp: lookup www.zhihu_bianji.com: no such host

2018/05/15 10:54:50 [D]  *     Start: https://www.zhihu_bianji.com/node/ExploreAnswerListV2?params={"offset":265,"type":"day"}
2018/05/15 10:54:50 [D]  *     Start: https://www.zhihu_bianji.com/node/ExploreAnswerListV2?params={"offset":270,"type":"day"}
2018/05/15 10:54:50 [I]  *     + 失败请求: [https://www.zhihu_bianji.com/node/ExploreAnswerListV2?params={"offset":200,"type":"day"}]

2018/05/15 10:54:50 [E]  *     Fail  [download][https://www.zhihu_bianji.com/node/ExploreAnswerListV2?params={"offset":200,"type":"day"}]: Get https://www.zhihu_bianji.com/node/ExploreAnswerListV2?params=%7B%22offset%22%3A200%2C%22type%22%3A%22day%22%7D: dial tcp: lookup www.zhihu_bianji.com: no such host

2018/05/15 10:54:51 [D]  *     Start: https://www.zhihu_bianji.com/node/ExploreAnswerListV2?params={"offset":275,"type":"day"}
2018/05/15 10:54:51 [I]  *     + 失败请求: [https://www.zhihu_bianji.com/node/ExploreAnswerListV2?params={"offset":205,"type":"day"}]

2018/05/15 10:54:51 [E]  *     Fail  [download][https://www.zhihu_bianji.com/node/ExploreAnswerListV2?params={"offset":205,"type":"day"}]: Get https://www.zhihu_bianji.com/node/ExploreAnswerListV2?params=%7B%22offset%22%3A205%2C%22type%22%3A%22day%22%7D: dial tcp: lookup www.zhihu_bianji.com: no such host

2018/05/15 10:54:51 [D]  *     Start: https://www.zhihu_bianji.com/node/ExploreAnswerListV2?params={"offset":280,"type":"day"}
2018/05/15 10:54:51 [D]  *     Start: https://www.zhihu_bianji.com/node/ExploreAnswerListV2?params={"offset":285,"type":"day"}
2018/05/15 10:54:51 [I]  *     + 失败请求: [https://www.zhihu_bianji.com/node/ExploreAnswerListV2?params={"offset":210,"type":"day"}]

2018/05/15 10:54:51 [E]  *     Fail  [download][https://www.zhihu_bianji.com/node/ExploreAnswerListV2?params={"offset":210,"type":"day"}]: Get https://www.zhihu_bianji.com/node/ExploreAnswerListV2?params=%7B%22offset%22%3A210%2C%22type%22%3A%22day%22%7D: dial tcp: lookup www.zhihu_bianji.com: no such host

2018/05/15 10:54:52 [D]  *     Start: https://www.zhihu_bianji.com/node/ExploreAnswerListV2?params={"offset":290,"type":"day"}
2018/05/15 10:54:52 [I]  *     + 失败请求: [https://www.zhihu_bianji.com/node/ExploreAnswerListV2?params={"offset":215,"type":"day"}]

2018/05/15 10:54:52 [E]  *     Fail  [download][https://www.zhihu_bianji.com/node/ExploreAnswerListV2?params={"offset":215,"type":"day"}]: Get https://www.zhihu_bianji.com/node/ExploreAnswerListV2?params=%7B%22offset%22%3A215%2C%22type%22%3A%22day%22%7D: dial tcp: lookup www.zhihu_bianji.com: no such host

2018/05/15 10:54:52 [D]  *     Start: https://www.zhihu_bianji.com/node/ExploreAnswerListV2?params={"offset":295,"type":"day"}
2018/05/15 10:54:52 [I]  *     + 失败请求: [https://www.zhihu_bianji.com/node/ExploreAnswerListV2?params={"offset":220,"type":"day"}]

2018/05/15 10:54:52 [E]  *     Fail  [download][https://www.zhihu_bianji.com/node/ExploreAnswerListV2?params={"offset":220,"type":"day"}]: Get https://www.zhihu_bianji.com/node/ExploreAnswerListV2?params=%7B%22offset%22%3A220%2C%22type%22%3A%22day%22%7D: dial tcp: lookup www.zhihu_bianji.com: no such host

2018/05/15 10:54:52 [D]  *     Start: https://www.zhihu_bianji.com/node/ExploreAnswerListV2?params={"offset":300,"type":"day"}
2018/05/15 10:54:53 [I]  *     + 失败请求: [https://www.zhihu_bianji.com/node/ExploreAnswerListV2?params={"offset":225,"type":"day"}]

2018/05/15 10:54:53 [E]  *     Fail  [download][https://www.zhihu_bianji.com/node/ExploreAnswerListV2?params={"offset":225,"type":"day"}]: Get https://www.zhihu_bianji.com/node/ExploreAnswerListV2?params=%7B%22offset%22%3A225%2C%22type%22%3A%22day%22%7D: dial tcp: lookup www.zhihu_bianji.com: no such host

2018/05/15 10:54:53 [D]  *     Start: https://www.zhihu_bianji.com/node/ExploreAnswerListV2?params={"offset":305,"type":"day"}
2018/05/15 10:54:53 [I]  *     + 失败请求: [https://www.zhihu_bianji.com/node/ExploreAnswerListV2?params={"offset":230,"type":"day"}]

2018/05/15 10:54:53 [E]  *     Fail  [download][https://www.zhihu_bianji.com/node/ExploreAnswerListV2?params={"offset":230,"type":"day"}]: Get https://www.zhihu_bianji.com/node/ExploreAnswerListV2?params=%7B%22offset%22%3A230%2C%22type%22%3A%22day%22%7D: dial tcp: lookup www.zhihu_bianji.com: no such host

2018/05/15 10:54:53 [D]  *     Start: https://www.zhihu_bianji.com/node/ExploreAnswerListV2?params={"offset":310,"type":"day"}
2018/05/15 10:54:53 [I]  *     + 失败请求: [https://www.zhihu_bianji.com/node/ExploreAnswerListV2?params={"offset":235,"type":"day"}]

2018/05/15 10:54:53 [E]  *     Fail  [download][https://www.zhihu_bianji.com/node/ExploreAnswerListV2?params={"offset":235,"type":"day"}]: Get https://www.zhihu_bianji.com/node/ExploreAnswerListV2?params=%7B%22offset%22%3A235%2C%22type%22%3A%22day%22%7D: dial tcp: lookup www.zhihu_bianji.com: no such host

2018/05/15 10:54:54 [D]  *     Start: https://www.zhihu_bianji.com/node/ExploreAnswerListV2?params={"offset":315,"type":"day"}
2018/05/15 10:54:54 [I]  *     + 失败请求: [https://www.zhihu_bianji.com/node/ExploreAnswerListV2?params={"offset":240,"type":"day"}]

2018/05/15 10:54:54 [E]  *     Fail  [download][https://www.zhihu_bianji.com/node/ExploreAnswerListV2?params={"offset":240,"type":"day"}]: Get https://www.zhihu_bianji.com/node/ExploreAnswerListV2?params=%7B%22offset%22%3A240%2C%22type%22%3A%22day%22%7D: dial tcp: lookup www.zhihu_bianji.com: no such host

2018/05/15 10:54:54 [D]  *     Start: https://www.zhihu_bianji.com/node/ExploreAnswerListV2?params={"offset":320,"type":"day"}
2018/05/15 10:54:54 [I]  *     + 失败请求: [https://www.zhihu_bianji.com/node/ExploreAnswerListV2?params={"offset":245,"type":"day"}]

2018/05/15 10:54:54 [E]  *     Fail  [download][https://www.zhihu_bianji.com/node/ExploreAnswerListV2?params={"offset":245,"type":"day"}]: Get https://www.zhihu_bianji.com/node/ExploreAnswerListV2?params=%7B%22offset%22%3A245%2C%22type%22%3A%22day%22%7D: dial tcp: lookup www.zhihu_bianji.com: no such host

2018/05/15 10:54:55 [I]  *     + 失败请求: [https://www.zhihu_bianji.com/node/ExploreAnswerListV2?params={"offset":250,"type":"day"}]

2018/05/15 10:54:55 [E]  *     Fail  [download][https://www.zhihu_bianji.com/node/ExploreAnswerListV2?params={"offset":250,"type":"day"}]: Get https://www.zhihu_bianji.com/node/ExploreAnswerListV2?params=%7B%22offset%22%3A250%2C%22type%22%3A%22day%22%7D: dial tcp: lookup www.zhihu_bianji.com: no such host

2018/05/15 10:54:55 [D]  *     Start: https://www.zhihu_bianji.com/node/ExploreAnswerListV2?params={"offset":325,"type":"day"}
2018/05/15 10:54:55 [D]  *     Start: https://www.zhihu_bianji.com/node/ExploreAnswerListV2?params={"offset":330,"type":"day"}
2018/05/15 10:54:55 [I]  *     + 失败请求: [https://www.zhihu_bianji.com/node/ExploreAnswerListV2?params={"offset":255,"type":"day"}]

2018/05/15 10:54:55 [E]  *     Fail  [download][https://www.zhihu_bianji.com/node/ExploreAnswerListV2?params={"offset":255,"type":"day"}]: Get https://www.zhihu_bianji.com/node/ExploreAnswerListV2?params=%7B%22offset%22%3A255%2C%22type%22%3A%22day%22%7D: dial tcp: lookup www.zhihu_bianji.com: no such host

2018/05/15 10:54:55 [D]  *     Start: https://www.zhihu_bianji.com/node/ExploreAnswerListV2?params={"offset":335,"type":"day"}
2018/05/15 10:54:56 [I]  *     + 失败请求: [https://www.zhihu_bianji.com/node/ExploreAnswerListV2?params={"offset":260,"type":"day"}]

2018/05/15 10:54:56 [E]  *     Fail  [download][https://www.zhihu_bianji.com/node/ExploreAnswerListV2?params={"offset":260,"type":"day"}]: Get https://www.zhihu_bianji.com/node/ExploreAnswerListV2?params=%7B%22offset%22%3A260%2C%22type%22%3A%22day%22%7D: dial tcp: lookup www.zhihu_bianji.com: no such host

2018/05/15 10:54:56 [I]  *     + 失败请求: [https://www.zhihu_bianji.com/node/ExploreAnswerListV2?params={"offset":265,"type":"day"}]

2018/05/15 10:54:56 [E]  *     Fail  [download][https://www.zhihu_bianji.com/node/ExploreAnswerListV2?params={"offset":265,"type":"day"}]: Get https://www.zhihu_bianji.com/node/ExploreAnswerListV2?params=%7B%22offset%22%3A265%2C%22type%22%3A%22day%22%7D: dial tcp: lookup www.zhihu_bianji.com: no such host

2018/05/15 10:54:56 [I]  *     + 失败请求: [https://www.zhihu_bianji.com/node/ExploreAnswerListV2?params={"offset":270,"type":"day"}]

2018/05/15 10:54:56 [E]  *     Fail  [download][https://www.zhihu_bianji.com/node/ExploreAnswerListV2?params={"offset":270,"type":"day"}]: Get https://www.zhihu_bianji.com/node/ExploreAnswerListV2?params=%7B%22offset%22%3A270%2C%22type%22%3A%22day%22%7D: dial tcp: lookup www.zhihu_bianji.com: no such host

2018/05/15 10:54:57 [I]  *     + 失败请求: [https://www.zhihu_bianji.com/node/ExploreAnswerListV2?params={"offset":275,"type":"day"}]

2018/05/15 10:54:57 [E]  *     Fail  [download][https://www.zhihu_bianji.com/node/ExploreAnswerListV2?params={"offset":275,"type":"day"}]: Get https://www.zhihu_bianji.com/node/ExploreAnswerListV2?params=%7B%22offset%22%3A275%2C%22type%22%3A%22day%22%7D: dial tcp: lookup www.zhihu_bianji.com: no such host

2018/05/15 10:54:57 [I]  *     + 失败请求: [https://www.zhihu_bianji.com/node/ExploreAnswerListV2?params={"offset":280,"type":"day"}]

2018/05/15 10:54:57 [E]  *     Fail  [download][https://www.zhihu_bianji.com/node/ExploreAnswerListV2?params={"offset":280,"type":"day"}]: Get https://www.zhihu_bianji.com/node/ExploreAnswerListV2?params=%7B%22offset%22%3A280%2C%22type%22%3A%22day%22%7D: dial tcp: lookup www.zhihu_bianji.com: no such host

2018/05/15 10:54:57 [I]  *     + 失败请求: [https://www.zhihu_bianji.com/node/ExploreAnswerListV2?params={"offset":285,"type":"day"}]

2018/05/15 10:54:57 [E]  *     Fail  [download][https://www.zhihu_bianji.com/node/ExploreAnswerListV2?params={"offset":285,"type":"day"}]: Get https://www.zhihu_bianji.com/node/ExploreAnswerListV2?params=%7B%22offset%22%3A285%2C%22type%22%3A%22day%22%7D: dial tcp: lookup www.zhihu_bianji.com: no such host

2018/05/15 10:54:58 [I]  *     + 失败请求: [https://www.zhihu_bianji.com/node/ExploreAnswerListV2?params={"offset":290,"type":"day"}]

2018/05/15 10:54:58 [E]  *     Fail  [download][https://www.zhihu_bianji.com/node/ExploreAnswerListV2?params={"offset":290,"type":"day"}]: Get https://www.zhihu_bianji.com/node/ExploreAnswerListV2?params=%7B%22offset%22%3A290%2C%22type%22%3A%22day%22%7D: dial tcp: lookup www.zhihu_bianji.com: no such host

2018/05/15 10:54:58 [I]  *     + 失败请求: [https://www.zhihu_bianji.com/node/ExploreAnswerListV2?params={"offset":295,"type":"day"}]

2018/05/15 10:54:58 [E]  *     Fail  [download][https://www.zhihu_bianji.com/node/ExploreAnswerListV2?params={"offset":295,"type":"day"}]: Get https://www.zhihu_bianji.com/node/ExploreAnswerListV2?params=%7B%22offset%22%3A295%2C%22type%22%3A%22day%22%7D: dial tcp: lookup www.zhihu_bianji.com: no such host

2018/05/15 10:54:58 [I]  *     + 失败请求: [https://www.zhihu_bianji.com/node/ExploreAnswerListV2?params={"offset":300,"type":"day"}]

2018/05/15 10:54:58 [E]  *     Fail  [download][https://www.zhihu_bianji.com/node/ExploreAnswerListV2?params={"offset":300,"type":"day"}]: Get https://www.zhihu_bianji.com/node/ExploreAnswerListV2?params=%7B%22offset%22%3A300%2C%22type%22%3A%22day%22%7D: dial tcp: lookup www.zhihu_bianji.com: no such host

2018/05/15 10:54:59 [I]  *     + 失败请求: [https://www.zhihu_bianji.com/node/ExploreAnswerListV2?params={"offset":305,"type":"day"}]

2018/05/15 10:54:59 [E]  *     Fail  [download][https://www.zhihu_bianji.com/node/ExploreAnswerListV2?params={"offset":305,"type":"day"}]: Get https://www.zhihu_bianji.com/node/ExploreAnswerListV2?params=%7B%22offset%22%3A305%2C%22type%22%3A%22day%22%7D: dial tcp: lookup www.zhihu_bianji.com: no such host

2018/05/15 10:54:59 [I]  *     + 失败请求: [https://www.zhihu_bianji.com/node/ExploreAnswerListV2?params={"offset":310,"type":"day"}]

2018/05/15 10:54:59 [E]  *     Fail  [download][https://www.zhihu_bianji.com/node/ExploreAnswerListV2?params={"offset":310,"type":"day"}]: Get https://www.zhihu_bianji.com/node/ExploreAnswerListV2?params=%7B%22offset%22%3A310%2C%22type%22%3A%22day%22%7D: dial tcp: lookup www.zhihu_bianji.com: no such host

2018/05/15 10:55:00 [I]  *     + 失败请求: [https://www.zhihu_bianji.com/node/ExploreAnswerListV2?params={"offset":315,"type":"day"}]

2018/05/15 10:55:00 [E]  *     Fail  [download][https://www.zhihu_bianji.com/node/ExploreAnswerListV2?params={"offset":315,"type":"day"}]: Get https://www.zhihu_bianji.com/node/ExploreAnswerListV2?params=%7B%22offset%22%3A315%2C%22type%22%3A%22day%22%7D: dial tcp: lookup www.zhihu_bianji.com: no such host

2018/05/15 10:55:00 [I]  *     + 失败请求: [https://www.zhihu_bianji.com/node/ExploreAnswerListV2?params={"offset":320,"type":"day"}]

2018/05/15 10:55:00 [E]  *     Fail  [download][https://www.zhihu_bianji.com/node/ExploreAnswerListV2?params={"offset":320,"type":"day"}]: Get https://www.zhihu_bianji.com/node/ExploreAnswerListV2?params=%7B%22offset%22%3A320%2C%22type%22%3A%22day%22%7D: dial tcp: lookup www.zhihu_bianji.com: no such host

2018/05/15 10:55:01 [I]  *     + 失败请求: [https://www.zhihu_bianji.com/node/ExploreAnswerListV2?params={"offset":325,"type":"day"}]

2018/05/15 10:55:01 [E]  *     Fail  [download][https://www.zhihu_bianji.com/node/ExploreAnswerListV2?params={"offset":325,"type":"day"}]: Get https://www.zhihu_bianji.com/node/ExploreAnswerListV2?params=%7B%22offset%22%3A325%2C%22type%22%3A%22day%22%7D: dial tcp: lookup www.zhihu_bianji.com: no such host

2018/05/15 10:55:01 [I]  *     + 失败请求: [https://www.zhihu_bianji.com/node/ExploreAnswerListV2?params={"offset":330,"type":"day"}]

2018/05/15 10:55:01 [E]  *     Fail  [download][https://www.zhihu_bianji.com/node/ExploreAnswerListV2?params={"offset":330,"type":"day"}]: Get https://www.zhihu_bianji.com/node/ExploreAnswerListV2?params=%7B%22offset%22%3A330%2C%22type%22%3A%22day%22%7D: dial tcp: lookup www.zhihu_bianji.com: no such host

2018/05/15 10:55:01 [I]  *     + 失败请求: [https://www.zhihu_bianji.com/node/ExploreAnswerListV2?params={"offset":335,"type":"day"}]

2018/05/15 10:55:01 [E]  *     Fail  [download][https://www.zhihu_bianji.com/node/ExploreAnswerListV2?params={"offset":335,"type":"day"}]: Get https://www.zhihu_bianji.com/node/ExploreAnswerListV2?params=%7B%22offset%22%3A335%2C%22type%22%3A%22day%22%7D: dial tcp: lookup www.zhihu_bianji.com: no such host

2018/05/15 10:55:02 [P]  *     [任务小计：知乎每日推荐 | KEYIN：]   无采集结果，用时 32.90779464s！

2018/05/15 10:55:02 [I]  * 
2018/05/15 10:55:02 [I]  *********************************************************************************************************************************** 
2018/05/15 10:55:02 [I]  * 
2018/05/15 10:55:02 [P]  *                            —— 任务中途取消：无采集结果，实爬【成功 0 URL + 失败 68 URL = 合计 68 URL】，耗时【32.90793063s】 ——
2018/05/15 10:55:02 [I]  * 
2018/05/15 10:55:02 [I]  *********************************************************************************************************************************** 
2018/05/15 10:55:22 [I]  *     在线代理IP列表为空，无法使用代理IP

2018/05/15 10:55:22 [I]  *     执行任务总数(任务数[*自定义配置数])为 1 个

2018/05/15 10:55:22 [I]  *     采集引擎池容量为 1

2018/05/15 10:55:22 [I]  *     并发协程最多 20 个

2018/05/15 10:55:22 [I]  *     默认随机停顿 150~600 毫秒

2018/05/15 10:55:22 [P]  *                                                                                                 —— 开始抓取，请耐心等候 ——
2018/05/15 10:55:22 [I]  *********************************************************************************************************************************** 
2018/05/15 10:55:22 [D]  *     Start: http://bbs.zol.com.cn/padbbs/p1.html#c
2018/05/15 10:55:22 [D]  *     Start: http://bbs.zol.com.cn/padbbs/p2.html#c
2018/05/15 10:55:23 [I]  *     Success: http://bbs.zol.com.cn/padbbs/p1.html#c

2018/05/15 10:55:23 [D]  *     Start: http://bbs.zol.com.cn/padbbs/p3.html#c
2018/05/15 10:55:23 [I]  *     Success: http://bbs.zol.com.cn/padbbs/p2.html#c

2018/05/15 10:55:23 [D]  *     Start: http://bbs.zol.com.cn/padbbs/p4.html#c
2018/05/15 10:55:24 [I]  *     Success: http://bbs.zol.com.cn/padbbs/p3.html#c

2018/05/15 10:55:24 [D]  *     Start: http://bbs.zol.com.cn/padbbs/p5.html#c
2018/05/15 10:55:24 [I]  *     Success: http://bbs.zol.com.cn/padbbs/p4.html#c

2018/05/15 10:55:24 [D]  *     Start: http://bbs.zol.com.cn/padbbs/p6.html#c
2018/05/15 10:55:25 [I]  *     Success: http://bbs.zol.com.cn/padbbs/p5.html#c

2018/05/15 10:55:25 [D]  *     Start: http://bbs.zol.com.cn/padbbs/p7.html#c
2018/05/15 10:55:25 [I]  *     Success: http://bbs.zol.com.cn/padbbs/p6.html#c

2018/05/15 10:55:25 [D]  *     Start: http://bbs.zol.com.cn/padbbs/p8.html#c
2018/05/15 10:55:25 [I]  *     Success: http://bbs.zol.com.cn/padbbs/p7.html#c

2018/05/15 10:55:26 [D]  *     Start: http://bbs.zol.com.cn/padbbs/p9.html#c
2018/05/15 10:55:26 [I]  *     Success: http://bbs.zol.com.cn/padbbs/p8.html#c

2018/05/15 10:55:26 [D]  *     Start: http://bbs.zol.com.cn/padbbs/p10.html#c
2018/05/15 10:55:26 [I]  *     Success: http://bbs.zol.com.cn/padbbs/p9.html#c

2018/05/15 10:55:26 [I]  *     Success: http://bbs.zol.com.cn/padbbs/p10.html#c

2018/05/15 10:55:26 [D]  *     Start: http://bbs.zol.com.cn/padbbs/p11.html#c
2018/05/15 10:55:27 [D]  *     Start: http://bbs.zol.com.cn/padbbs/p12.html#c
2018/05/15 10:55:27 [I]  *     Success: http://bbs.zol.com.cn/padbbs/p11.html#c

2018/05/15 10:55:27 [I]  *     Success: http://bbs.zol.com.cn/padbbs/p12.html#c

2018/05/15 10:55:27 [D]  *     Start: http://bbs.zol.com.cn/padbbs/p13.html#c
2018/05/15 10:55:28 [D]  *     Start: http://bbs.zol.com.cn/padbbs/p14.html#c
2018/05/15 10:55:28 [I]  *     Success: http://bbs.zol.com.cn/padbbs/p13.html#c

2018/05/15 10:55:28 [D]  *     Start: http://bbs.zol.com.cn/padbbs/p15.html#c
2018/05/15 10:55:29 [I]  *     Success: http://bbs.zol.com.cn/padbbs/p14.html#c

2018/05/15 10:55:29 [D]  *     Start: http://bbs.zol.com.cn/padbbs/p16.html#c
2018/05/15 10:55:29 [I]  *     Success: http://bbs.zol.com.cn/padbbs/p15.html#c

2018/05/15 10:55:29 [D]  *     Start: http://bbs.zol.com.cn/padbbs/p17.html#c
2018/05/15 10:55:29 [I]  *     Success: http://bbs.zol.com.cn/padbbs/p16.html#c

2018/05/15 10:55:29 [D]  *     Start: http://bbs.zol.com.cn/padbbs/p18.html#c
2018/05/15 10:55:30 [D]  *     Start: http://bbs.zol.com.cn/padbbs/p19.html#c
2018/05/15 10:55:30 [I]  *     Success: http://bbs.zol.com.cn/padbbs/p17.html#c

2018/05/15 10:55:30 [I]  *     Success: http://bbs.zol.com.cn/padbbs/p18.html#c

2018/05/15 10:55:30 [D]  *     Start: http://bbs.zol.com.cn/padbbs/p20.html#c
2018/05/15 10:55:30 [I]  *     Success: http://bbs.zol.com.cn/padbbs/p19.html#c

2018/05/15 10:55:30 [D]  *     Start: http://bbs.zol.com.cn/padbbs/p21.html#c
2018/05/15 10:55:31 [I]  * 
2018/05/15 10:55:31 [P]  *     [数据输出：中关村平板 | KEYIN： | 批次：1]   数据 573 条！

2018/05/15 10:55:31 [I]  *     [添加成功记录]: 19 条

2018/05/15 10:55:31 [I]  * 
2018/05/15 10:55:31 [P]  *     [任务小计：中关村平板 | KEYIN：]   共采集数据 573 条，用时 8.572921806s！

2018/05/15 10:55:31 [I]  * 
2018/05/15 10:55:31 [I]  *********************************************************************************************************************************** 
2018/05/15 10:55:31 [I]  * 
2018/05/15 10:55:31 [P]  *                            —— 任务中途取消：合计采集【数据 573 条】， 实爬【成功 19 URL + 失败 0 URL = 合计 19 URL】，耗时【8.572951652s】 ——
2018/05/15 10:55:31 [I]  * 
2018/05/15 10:55:31 [I]  *********************************************************************************************************************************** 
